<?xml version="1.0" encoding="UTF-8"?>
<testsuite xmlns:xsi="http://www.w3.org/2001/XMLSchema-instance" xsi:noNamespaceSchemaLocation="https://maven.apache.org/surefire/maven-surefire-plugin/xsd/surefire-test-report.xsd" version="3.0.2" name="com.example.calculator.service.CalculatorServiceTest" time="0.052" tests="5" errors="0" skipped="0" failures="0">
  <properties>
[...]
</properties>
  <testcase name="testDivideByZero" classname="com.example.calculator.service.CalculatorServiceTest" time="0.025"/>
  <testcase name="testAdd" classname="com.example.calculator.service.CalculatorServiceTest" time="0.012"/>
  <testcase name="testSubtract" classname="com.example.calculator.service.CalculatorServiceTest" time="0.002"/>
  <testcase name="testDivide" classname="com.example.calculator.service.CalculatorServiceTest" time="0.003"/>
  <testcase name="testMultiply" classname="com.example.calculator.service.CalculatorServiceTest" time="0.002"/>
</testsuite>